<?xml version="1.0" encoding="UTF-8"?>
<!-- Generated by org.testng.reporters.JUnitReportReporter -->
<testsuite skipped="0" hostname="IL013298" name="tests.EBPCatalogSort" tests="1" failures="0" timestamp="19 Dec 2018 07:07:29 GMT" time="4.174" errors="0">
  <testcase name="SortControl" time="4.174" classname="tests.EBPCatalogSort"/>
</testsuite> <!-- tests.EBPCatalogSort -->
