<?xml version="1.0" encoding="UTF-8"?>
<!-- Generated by org.testng.reporters.JUnitReportReporter -->
<testsuite skipped="0" hostname="IL013298" name="tests.NewTest" tests="1" failures="0" timestamp="31 Oct 2018 10:21:51 GMT" time="11.458" errors="0">
  <testcase name="openMyBlog" time="11.458" classname="tests.NewTest"/>
</testsuite> <!-- tests.NewTest -->
