<?xml version="1.0" encoding="UTF-8"?>
<!-- Generated by org.testng.reporters.JUnitReportReporter -->
<testsuite skipped="0" hostname="IL013298" name="tests.EBLoginTest" tests="1" failures="0" timestamp="14 Mar 2019 09:46:52 GMT" time="1.256" errors="0">
  <testcase name="init" time="1.256" classname="tests.EBLoginTest"/>
</testsuite> <!-- tests.EBLoginTest -->
